<?xml version="1.0" encoding="UTF-8"?>
<testng-results skipped="0" failed="1" ignored="0" total="5" passed="4">
  <reporter-output>
  </reporter-output>
  <suite name="Default suite" duration-ms="5510" started-at="2019-01-31T11:16:33Z" finished-at="2019-01-31T11:16:39Z">
    <groups>
    </groups>
    <test name="Default test" duration-ms="5510" started-at="2019-01-31T11:16:33Z" finished-at="2019-01-31T11:16:39Z">
      <class name="RestAssuredTest.GetdataClass">
        <test-method status="PASS" signature="getDetail()[pri:0, instance:RestAssuredTest.GetdataClass@396e2f39]" name="getDetail" duration-ms="1809" started-at="2019-01-31T11:16:33Z" finished-at="2019-01-31T11:16:35Z">
          <reporter-output>
          </reporter-output>
        </test-method> <!-- getDetail -->
        <test-method status="FAIL" signature="getGoogle()[pri:0, instance:RestAssuredTest.GetdataClass@396e2f39]" name="getGoogle" duration-ms="1039" started-at="2019-01-31T11:16:35Z" finished-at="2019-01-31T11:16:36Z">
          <exception class="java.lang.ClassCastException">
            <message>
              <![CDATA[java.lang.Float cannot be cast to java.lang.String]]>
            </message>
            <full-stacktrace>
              <![CDATA[java.lang.ClassCastException: java.lang.Float cannot be cast to java.lang.String
at RestAssuredTest.GetdataClass.getGoogle(GetdataClass.java:77)
at sun.reflect.NativeMethodAccessorImpl.invoke0(Native Method)
at sun.reflect.NativeMethodAccessorImpl.invoke(Unknown Source)
at sun.reflect.DelegatingMethodAccessorImpl.invoke(Unknown Source)
at java.lang.reflect.Method.invoke(Unknown Source)
at org.testng.internal.MethodInvocationHelper.invokeMethod(MethodInvocationHelper.java:124)
at org.testng.internal.Invoker.invokeMethod(Invoker.java:583)
at org.testng.internal.Invoker.invokeTestMethod(Invoker.java:719)
at org.testng.internal.Invoker.invokeTestMethods(Invoker.java:989)
at org.testng.internal.TestMethodWorker.invokeTestMethods(TestMethodWorker.java:125)
at org.testng.internal.TestMethodWorker.run(TestMethodWorker.java:109)
at org.testng.TestRunner.privateRun(TestRunner.java:648)
at org.testng.TestRunner.run(TestRunner.java:505)
at org.testng.SuiteRunner.runTest(SuiteRunner.java:455)
at org.testng.SuiteRunner.runSequentially(SuiteRunner.java:450)
at org.testng.SuiteRunner.privateRun(SuiteRunner.java:415)
at org.testng.SuiteRunner.run(SuiteRunner.java:364)
at org.testng.SuiteRunnerWorker.runSuite(SuiteRunnerWorker.java:52)
at org.testng.SuiteRunnerWorker.run(SuiteRunnerWorker.java:84)
at org.testng.TestNG.runSuitesSequentially(TestNG.java:1208)
at org.testng.TestNG.runSuitesLocally(TestNG.java:1137)
at org.testng.TestNG.runSuites(TestNG.java:1049)
at org.testng.TestNG.run(TestNG.java:1017)
at org.testng.remote.AbstractRemoteTestNG.run(AbstractRemoteTestNG.java:114)
at org.testng.remote.RemoteTestNG.initAndRun(RemoteTestNG.java:251)
at org.testng.remote.RemoteTestNG.main(RemoteTestNG.java:77)
]]>
            </full-stacktrace>
          </exception> <!-- java.lang.ClassCastException -->
          <reporter-output>
          </reporter-output>
        </test-method> <!-- getGoogle -->
        <test-method status="PASS" signature="getMethod()[pri:0, instance:RestAssuredTest.GetdataClass@396e2f39]" name="getMethod" duration-ms="888" started-at="2019-01-31T11:16:36Z" finished-at="2019-01-31T11:16:37Z">
          <reporter-output>
          </reporter-output>
        </test-method> <!-- getMethod -->
        <test-method status="PASS" signature="postMethod()[pri:0, instance:RestAssuredTest.GetdataClass@396e2f39]" name="postMethod" duration-ms="778" started-at="2019-01-31T11:16:37Z" finished-at="2019-01-31T11:16:38Z">
          <reporter-output>
          </reporter-output>
        </test-method> <!-- postMethod -->
        <test-method status="PASS" signature="postTweet()[pri:0, instance:RestAssuredTest.GetdataClass@396e2f39]" name="postTweet" duration-ms="972" started-at="2019-01-31T11:16:38Z" finished-at="2019-01-31T11:16:39Z">
          <reporter-output>
          </reporter-output>
        </test-method> <!-- postTweet -->
      </class> <!-- RestAssuredTest.GetdataClass -->
    </test> <!-- Default test -->
  </suite> <!-- Default suite -->
</testng-results>
